<?xml version="1.0" encoding="UTF-8"?>
<!-- Generated by org.testng.reporters.JUnitReportReporter -->
<testsuite skipped="0" hostname="Sele89" name="com.mercury.tours.mousehover" tests="1" failures="0" timestamp="2019-12-17T16:54:02 IST" time="2.001" errors="0">
  <testcase name="mousehover_test" time="2.001" classname="com.mercury.tours.mousehover"/>
</testsuite> <!-- com.mercury.tours.mousehover -->
