<?xml version="1.0" encoding="UTF-8"?>
<!-- Generated by org.testng.reporters.JUnitReportReporter -->
<testsuite skipped="0" hostname="Sele89" name="com.mercury.tours.Mercury_Sign_On_TestNG_Class" tests="1" failures="0" timestamp="2019-12-18T11:14:40 IST" time="6.807" errors="0">
  <testcase name="Sign_On_ValidCred" time="6.807" classname="com.mercury.tours.Mercury_Sign_On_TestNG_Class"/>
</testsuite> <!-- com.mercury.tours.Mercury_Sign_On_TestNG_Class -->
