<?xml version="1.0" encoding="UTF-8"?>
<!-- Generated by org.testng.reporters.JUnitReportReporter -->
<testsuite skipped="0" hostname="Sele89" name="com.mercury.tours.Mercury_radio_button" tests="1" failures="0" timestamp="2019-12-18T11:30:10 IST" time="8.556" errors="0">
  <testcase name="Sign_On_ValidCred" time="8.556" classname="com.mercury.tours.Mercury_radio_button"/>
</testsuite> <!-- com.mercury.tours.Mercury_radio_button -->
