<?xml version="1.0" encoding="UTF-8"?>
<!-- Generated by org.testng.reporters.JUnitReportReporter -->
<testsuite skipped="0" hostname="Sele89" name="com.mercury.tours.Flight_login_testData" tests="2" failures="0" timestamp="2019-12-18T17:06:49 IST" time="41.255" errors="0">
  <testcase name="Sign_On" time="27.251" classname="com.mercury.tours.Flight_login_testData"/>
  <testcase name="Sign_On" time="14.004" classname="com.mercury.tours.Flight_login_testData"/>
</testsuite> <!-- com.mercury.tours.Flight_login_testData -->
