<?xml version="1.0" encoding="UTF-8"?>
<!-- Generated by org.testng.reporters.JUnitReportReporter -->
<testsuite skipped="0" hostname="Sele89" name="com.mercury.tours.TestNG_priority" tests="5" failures="0" timestamp="2019-12-19T14:20:51 IST" time="16.053" errors="0">
  <testcase name="LaunchBrowser" time="6.275" classname="com.mercury.tours.TestNG_priority"/>
  <testcase name="Sign_On" time="6.575" classname="com.mercury.tours.TestNG_priority"/>
  <testcase name="entering_data" time="1.382" classname="com.mercury.tours.TestNG_priority"/>
  <testcase name="z_CloseBrowser" time="0.663" classname="com.mercury.tours.TestNG_priority"/>
  <testcase name="sign_off" time="1.158" classname="com.mercury.tours.TestNG_priority"/>
</testsuite> <!-- com.mercury.tours.TestNG_priority -->
