<?xml version="1.0" encoding="UTF-8"?>
<!-- Generated by org.testng.reporters.JUnitReportReporter -->
<testsuite skipped="0" hostname="Sele89" name="com.mercury.tours.Flight_login" tests="1" failures="0" timestamp="2019-12-19T10:24:53 IST" time="8.803" errors="0">
  <testcase name="Sign_On" time="8.803" classname="com.mercury.tours.Flight_login"/>
</testsuite> <!-- com.mercury.tours.Flight_login -->
