<?xml version="1.0" encoding="UTF-8"?>
<!-- Generated by org.testng.reporters.JUnitReportReporter -->
<testsuite skipped="0" hostname="Sele89" name="com.mercury.tours.hdfc" tests="1" failures="0" timestamp="2019-12-19T12:41:43 IST" time="0.227" errors="0">
  <testcase name="Sign_On_ValidCred" time="0.227" classname="com.mercury.tours.hdfc"/>
</testsuite> <!-- com.mercury.tours.hdfc -->
