<?xml version="1.0" encoding="UTF-8"?>
<!-- Generated by org.testng.reporters.JUnitReportReporter -->
<testsuite skipped="0" hostname="Sele89" name="com.mercury.tours.Paramter_example_CrossBrowser" tests="6" failures="0" timestamp="2019-12-19T12:08:27 IST" time="89.431" errors="0">
  <testcase name="Sign_On" time="14.722" classname="com.mercury.tours.Paramter_example_CrossBrowser"/>
  <testcase name="Sign_On" time="14.591" classname="com.mercury.tours.Paramter_example_CrossBrowser"/>
  <testcase name="Sign_On" time="15.487" classname="com.mercury.tours.Paramter_example_CrossBrowser"/>
  <testcase name="Sign_On" time="14.503" classname="com.mercury.tours.Paramter_example_CrossBrowser"/>
  <testcase name="Sign_On" time="15.628" classname="com.mercury.tours.Paramter_example_CrossBrowser"/>
  <testcase name="Sign_On" time="14.500" classname="com.mercury.tours.Paramter_example_CrossBrowser"/>
</testsuite> <!-- com.mercury.tours.Paramter_example_CrossBrowser -->
