<?xml version="1.0" encoding="UTF-8"?>
<!-- Generated by org.testng.reporters.JUnitReportReporter -->
<testsuite skipped="0" hostname="Sele89" name="com.mercury.tours.jquery_dragAndDrop" tests="1" failures="0" timestamp="2019-12-19T12:44:04 IST" time="1.326" errors="0">
  <testcase name="Sign_On_ValidCred" time="1.326" classname="com.mercury.tours.jquery_dragAndDrop"/>
</testsuite> <!-- com.mercury.tours.jquery_dragAndDrop -->
