<?xml version="1.0" encoding="UTF-8"?>
<!-- Generated by org.testng.reporters.JUnitReportReporter -->
<testsuite skipped="0" hostname="Sele89" name="com.mercury.tours.Paramter_DataProvider_example_CrossBrowser" tests="2" failures="0" timestamp="2019-12-19T12:44:04 IST" time="33.374" errors="0">
  <testcase name="Sign_On" time="16.686" classname="com.mercury.tours.Paramter_DataProvider_example_CrossBrowser"/>
  <testcase name="Sign_On" time="16.688" classname="com.mercury.tours.Paramter_DataProvider_example_CrossBrowser"/>
</testsuite> <!-- com.mercury.tours.Paramter_DataProvider_example_CrossBrowser -->
