<?xml version="1.0" encoding="UTF-8"?>
<!-- Generated by org.testng.reporters.JUnitReportReporter -->
<testsuite skipped="0" hostname="Sele89" name="com.mercury.tours.guru99_testData" tests="2" failures="0" timestamp="2019-12-19T12:41:43 IST" time="11.285" errors="0">
  <testcase name="Sign_On" time="6.817" classname="com.mercury.tours.guru99_testData"/>
  <testcase name="Sign_On" time="4.468" classname="com.mercury.tours.guru99_testData"/>
</testsuite> <!-- com.mercury.tours.guru99_testData -->
