<?xml version="1.0" encoding="UTF-8"?>
<!-- Generated by org.testng.reporters.JUnitReportReporter -->
<testsuite skipped="0" hostname="Sele89" name="com.mercury.tours.Mercury_radio_button" tests="1" failures="0" timestamp="2019-12-18T12:22:00 IST" time="21.798" errors="0">
  <testcase name="Sign_On_ValidCred" time="21.798" classname="com.mercury.tours.Mercury_radio_button"/>
</testsuite> <!-- com.mercury.tours.Mercury_radio_button -->
