<?xml version="1.0" encoding="UTF-8"?>
<!-- Generated by org.testng.reporters.JUnitReportReporter -->
<testsuite skipped="0" hostname="Sele89" name="com.mercury.tours.Extent_Report_Example" tests="2" failures="0" timestamp="2019-12-20T10:55:50 IST" time="14.851" errors="0">
  <testcase name="LaunchApplication" time="4.899" classname="com.mercury.tours.Extent_Report_Example"/>
  <testcase name="Sign_On" time="9.952" classname="com.mercury.tours.Extent_Report_Example"/>
</testsuite> <!-- com.mercury.tours.Extent_Report_Example -->
