<?xml version="1.0" encoding="UTF-8"?>
<!-- Generated by org.testng.reporters.JUnitReportReporter -->
<testsuite skipped="0" hostname="Sele89" name="com.mercury.tours.headless_browser" tests="1" failures="0" timestamp="2019-12-18T12:42:09 IST" time="7.834" errors="0">
  <testcase name="Sign_On_ValidCred" time="7.834" classname="com.mercury.tours.headless_browser"/>
</testsuite> <!-- com.mercury.tours.headless_browser -->
