<?xml version="1.0" encoding="UTF-8"?>
<!-- Generated by org.testng.reporters.JUnitReportReporter -->
<testsuite skipped="0" hostname="Sele89" name="com.mercury.tours.navigate_all_links_onPage" tests="1" failures="0" timestamp="2019-12-19T16:53:16 IST" time="50.584" errors="0">
  <testcase name="navigateToAllLinks" time="50.584" classname="com.mercury.tours.navigate_all_links_onPage"/>
</testsuite> <!-- com.mercury.tours.navigate_all_links_onPage -->
